[debug] [2024-05-15T17:13:37.330Z] ----------------------------------------------------------------------
[debug] [2024-05-15T17:13:37.334Z] Command:       C:\Program Files\nodejs\node.exe C:\Users\Usuario\AppData\Local\pnpm\global\5\node_modules\firebase-tools\lib\bin\firebase.js init hosting
[debug] [2024-05-15T17:13:37.335Z] CLI Version:   12.6.1
[debug] [2024-05-15T17:13:37.335Z] Platform:      win32
[debug] [2024-05-15T17:13:37.336Z] Node Version:  v20.11.1
[debug] [2024-05-15T17:13:37.336Z] Time:          Wed May 15 2024 14:13:37 GMT-0300 (hora estándar de Argentina)
[debug] [2024-05-15T17:13:37.336Z] ----------------------------------------------------------------------
[debug] 
[debug] [2024-05-15T17:13:37.340Z] >>> [apiv2][query] GET https://firebase-public.firebaseio.com/cli.json [none]
[debug] [2024-05-15T17:13:37.403Z] > command requires scopes: ["email","openid","https://www.googleapis.com/auth/cloudplatformprojects.readonly","https://www.googleapis.com/auth/firebase","https://www.googleapis.com/auth/cloud-platform"]
[debug] [2024-05-15T17:13:37.403Z] > authorizing via signed-in user (lombardioctavio@gmail.com)
[info] 
     ######## #### ########  ######## ########     ###     ######  ########
     ##        ##  ##     ## ##       ##     ##  ##   ##  ##       ##
     ######    ##  ########  ######   ########  #########  ######  ######
     ##        ##  ##    ##  ##       ##     ## ##     ##       ## ##
     ##       #### ##     ## ######## ########  ##     ##  ######  ########

You're about to initialize a Firebase project in this directory:

  C:\Users\Usuario\Desktop\CODE\portfolio

[debug] [2024-05-15T17:13:37.918Z] <<< [apiv2][status] GET https://firebase-public.firebaseio.com/cli.json 200
[debug] [2024-05-15T17:13:37.919Z] <<< [apiv2][body] GET https://firebase-public.firebaseio.com/cli.json {"cloudBuildErrorAfter":1594252800000,"cloudBuildWarnAfter":1590019200000,"defaultNode10After":1594252800000,"minVersion":"3.0.5","node8DeploysDisabledAfter":1613390400000,"node8RuntimeDisabledAfter":1615809600000,"node8WarnAfter":1600128000000}
